// 重构日志: 19446ea2
// 重构日志: ff55ec40
// 重构日志: 3afceb95
// 重构日志: 7140ea37
// 重构日志: a3834388
// 重构日志: b621aef7
// 重构日志: 65c73a97
// 重构日志: fa3d3416
// 同步 ID: e1f308d5 @ Sun Jul 12 17:50:08 UTC 2026
// 同步 ID: 1f756dcb @ Tue Jul 14 00:01:24 UTC 2026
// 重构日志: 5b9734af
// 重构日志: 78e654e0
// 同步 ID: fd416c8d @ Thu Jul 16 06:12:42 UTC 2026
// 同步 ID: 0768f773 @ Thu Jul 16 08:46:24 UTC 2026
// 重构日志: dcb02a7b
// 重构日志: 1edaceed
// 重构日志: cd3a8dd4
// 同步 ID: 9c58112c @ Fri Jul 17 15:57:54 UTC 2026
// 重构日志: abe482ef
// 同步 ID: d24703b8 @ Sat Jul 18 17:17:36 UTC 2026
// 同步 ID: 1a9e12e0 @ Sat Jul 18 19:34:11 UTC 2026
// 同步 ID: 112f8cfe @ Sun Jul 19 10:54:29 UTC 2026
// 重构日志: e222eee9
// 重构日志: e02975d3
// 同步 ID: a14a3b48 @ Mon Jul 20 02:57:00 UTC 2026
// 重构日志: 83b76874
// 重构日志: 6536b447
// 重构日志: 24aecffb
// 重构日志: eafa349f
// 同步 ID: bdd1a9eb @ Tue Jul 21 17:40:54 UTC 2026
